<?xml version="1.0" encoding="UTF-8"?>
<testng-results skipped="0" failed="1" ignored="0" total="1" passed="0">
  <reporter-output>
  </reporter-output>
  <suite name="Login Test" duration-ms="30857" started-at="2019-06-19T05:10:55Z" finished-at="2019-06-19T05:11:26Z">
    <groups>
    </groups>
    <test name="Test" duration-ms="30857" started-at="2019-06-19T05:10:55Z" finished-at="2019-06-19T05:11:26Z">
      <class name="login.AppTest">
        <test-method status="PASS" signature="Startup(java.lang.String, java.lang.String)[pri:0, instance:login.AppTest@7cd62f43]" name="Startup" is-config="true" duration-ms="15329" started-at="2019-06-19T05:10:55Z" finished-at="2019-06-19T05:11:10Z">
          <params>
            <param index="0">
              <value>
                <![CDATA[chrome]]>
              </value>
            </param>
            <param index="1">
              <value>
                <![CDATA[https://beta.caspar-health.com/en/#/user/sign_in]]>
              </value>
            </param>
          </params>
          <reporter-output>
          </reporter-output>
        </test-method> <!-- Startup -->
        <test-method status="FAIL" signature="addPatient()[pri:2, instance:login.AppTest@7cd62f43]" name="addPatient" duration-ms="13289" started-at="2019-06-19T05:11:10Z" finished-at="2019-06-19T05:11:24Z">
          <exception class="java.lang.AssertionError">
            <message>
              <![CDATA[expected [true] but found [false]]]>
            </message>
            <full-stacktrace>
              <![CDATA[java.lang.AssertionError: expected [true] but found [false]
at org.testng.Assert.fail(Assert.java:96)
at org.testng.Assert.failNotEquals(Assert.java:776)
at org.testng.Assert.assertTrue(Assert.java:44)
at org.testng.Assert.assertTrue(Assert.java:54)
at login.AppTest.addPatient(AppTest.java:120)
at sun.reflect.NativeMethodAccessorImpl.invoke0(Native Method)
at sun.reflect.NativeMethodAccessorImpl.invoke(NativeMethodAccessorImpl.java:62)
at sun.reflect.DelegatingMethodAccessorImpl.invoke(DelegatingMethodAccessorImpl.java:43)
at java.lang.reflect.Method.invoke(Method.java:498)
at org.testng.internal.MethodInvocationHelper.invokeMethod(MethodInvocationHelper.java:124)
at org.testng.internal.Invoker.invokeMethod(Invoker.java:580)
at org.testng.internal.Invoker.invokeTestMethod(Invoker.java:716)
at org.testng.internal.Invoker.invokeTestMethods(Invoker.java:988)
at org.testng.internal.TestMethodWorker.invokeTestMethods(TestMethodWorker.java:125)
at org.testng.internal.TestMethodWorker.run(TestMethodWorker.java:109)
at org.testng.TestRunner.privateRun(TestRunner.java:648)
at org.testng.TestRunner.run(TestRunner.java:505)
at org.testng.SuiteRunner.runTest(SuiteRunner.java:455)
at org.testng.SuiteRunner.runSequentially(SuiteRunner.java:450)
at org.testng.SuiteRunner.privateRun(SuiteRunner.java:415)
at org.testng.SuiteRunner.run(SuiteRunner.java:364)
at org.testng.SuiteRunnerWorker.runSuite(SuiteRunnerWorker.java:52)
at org.testng.SuiteRunnerWorker.run(SuiteRunnerWorker.java:84)
at org.testng.TestNG.runSuitesSequentially(TestNG.java:1208)
at org.testng.TestNG.runSuitesLocally(TestNG.java:1137)
at org.testng.TestNG.runSuites(TestNG.java:1049)
at org.testng.TestNG.run(TestNG.java:1017)
at org.testng.remote.AbstractRemoteTestNG.run(AbstractRemoteTestNG.java:114)
at org.testng.remote.RemoteTestNG.initAndRun(RemoteTestNG.java:251)
at org.testng.remote.RemoteTestNG.main(RemoteTestNG.java:77)
]]>
            </full-stacktrace>
          </exception> <!-- java.lang.AssertionError -->
          <reporter-output>
          </reporter-output>
        </test-method> <!-- addPatient -->
        <test-method status="PASS" signature="Close(org.testng.ITestResult)[pri:0, instance:login.AppTest@7cd62f43]" name="Close" is-config="true" duration-ms="2198" started-at="2019-06-19T05:11:24Z" finished-at="2019-06-19T05:11:26Z">
          <params>
            <param index="0">
              <value>
                <![CDATA[[TestResult name=addPatient status=FAILURE method=AppTest.addPatient()[pri:2, instance:login.AppTest@7cd62f43] output={null}]]]>
              </value>
            </param>
          </params>
          <reporter-output>
          </reporter-output>
        </test-method> <!-- Close -->
      </class> <!-- login.AppTest -->
    </test> <!-- Test -->
  </suite> <!-- Login Test -->
</testng-results>
