<?xml version="1.0" encoding="UTF-8"?>
<!-- Generated by org.testng.reporters.JUnitXMLReporter -->
<testsuite hostname="E0430247" ignored="0" name="Test" tests="1" failures="1" timestamp="19 Jun 2019 05:11:26 GMT" time="30.857" errors="0">
  <testcase name="addPatient" time="13.289" classname="login.AppTest">
    <failure type="java.lang.AssertionError" message="expected [true] but found [false]">
      <![CDATA[java.lang.AssertionError: expected [true] but found [false]
at login.AppTest.addPatient(AppTest.java:120)
... Removed 29 stack frames]]>
    </failure>
  </testcase> <!-- addPatient -->
</testsuite> <!-- Test -->
